[
    {
        "asin": "B00ILZH9BO",
        "title": "MagicBrite Complete Teeth Whitening Kit At Home Whitening",
        "brand": "Pearl Enterprises",
        "feature": [
            "                    MAGIC WHITE \u2013 MagicBrite Will Magically Make Your Smile Sparkle And Shine In Just A Few Treatments.                ",
            "                    NO HASSLE - Our Complete Teeth Whitening Includes A Formula Used By Thousands Of Dentists For Professional Level Whitening Results From The Comfort Of Your Own Home.                ",
            "                    ONE STOP - Our Kit Includes Everything You Need For A Bright Smile And Pearl White Teeth.                ",
            "                    REMOVES ALL KINDS OF STAINS \u2013 MagicBrite Effectively Whitens Teeth Using The Most Advanced Teeth Whitening Technology. It Will Remove Tough Coffee, Wine, And Tobacco Stains.                ",
            "                    SATISFACTION GUARANTEED - All Our Products Are Designed To Deliver Professional-Grade Results, And Fully Guaranteed.                "
        ],
        "price": 1185.0,
        "description": "WANT A PROFESSIONAL TEETH WHITENING BUT CANNOT AFFORD IT?  THERE IS HOPE FOR YOU! You Actually Do Not Have to Spend Hundreds of Dollars at the Dentist's Office. There is another Option Out There that is Bigger AND Better!!! THE #1 OPTION FOR YOU IS MAGICBRITE WHITENING KIT Same as Dentist Results, but Not Even Close to the Hefty Price!  Use from the Comfort and Convenience of your Own Home.  Safe and Effective to Use.  Unlike other Professional Treatments, you Do Not Have to Use it on Consecutive Days to See Results.  Designed to Fit Around your Schedule, You Can Use this Treatment as Necessary to Whiten your Teeth.  Recommended usage detailed in the instructions allows for those with sensitive teeth to use the treatment for less time while still effectively whitening your teeth for beautiful results.  Tray Instructions:  Bring an 8 oz. cup of water to boiling temperature. Submerge the trays individually in the water for 10-15 seconds, until trays become malleable. Once it's at the desired flexibility level, remove the trays from the water and insert them around your teeth, forming the trays by sucking out excess air and water. You can try this a few times until you get the perfect fit.  Gel Directions: First apply.05 cc to each arch (one small drop) along the inner facial side of the upper and lower arches. Make sure to spread the solution evenly with a syringe tip. Be careful not to overload the tray. Once the surface is evenly coated, wear in your mouth for 5-15 minutes per day. If you have no sensitivity, you can use on consecutive days. If you have slight sensitivity, it is recommended that you wait 3-4 days between treatments. Once done wash your mouth with cool water. Do not swallow any of the gel. Repeat for up to 10 days. LET MAGICBRITE BRING MORE CONFIDENCE TO YOUR SMILE!",
        "listPrice": 2884.0,
        "prime": false,
        "images": [
            "https://images-na.ssl-images-amazon.com/images/I/71DZZ4jPTyL._SY450_.jpg",
            "https://images-na.ssl-images-amazon.com/images/I/71DZZ4jPTyL._SX522_.jpg",
            "https://images-na.ssl-images-amazon.com/images/I/71DZZ4jPTyL._SX425_.jpg",
            "https://images-na.ssl-images-amazon.com/images/I/71DZZ4jPTyL._SX466_.jpg",
            "https://images-na.ssl-images-amazon.com/images/I/71DZZ4jPTyL._SY355_.jpg"
        ],
        "attributes": "None",
        "rating": 5.0
    },
    {
        "asin": "B00G0OG8AG",
        "title": "MoYu 3x3 Smooth New 3 x 3 x 3 YJ Sulong Black Speed Cube Puzzle",
        "brand": "MoYu",
        "feature": [
            " Imported",
            " Cube Dimension: 57mm57mm57mm",
            " Cube Net Weight: 80g",
            " Color: black"
        ],
        "price": 3150.0,
        "description": "None",
        "listPrice": "None",
        "prime": false,
        "images": [
            "https://images-na.ssl-images-amazon.com/images/I/51egJAB0VVL._UX342_.jpg",
            "https://images-na.ssl-images-amazon.com/images/I/51egJAB0VVL.jpg",
            "https://images-na.ssl-images-amazon.com/images/I/51egJAB0VVL._UX385_.jpg",
            "https://images-na.ssl-images-amazon.com/images/I/51egJAB0VVL._UX425_.jpg",
            "https://images-na.ssl-images-amazon.com/images/I/51egJAB0VVL._UX466_.jpg"
        ],
        "attributes": [
            {
                "name": "Color:",
                "value": "As Shown"
            },
            {
                "name": "Color:",
                "value": "As Shown"
            }
        ],
        "rating": 3.8
    },
    {
        "asin": "B00ZMV7RL2",
        "title": "Rankie HDMI to VGA Adapter with 3.5mm Audio Port - Black",
        "brand": "Rankie",
        "feature": [
            " The lightweight and portable HDMI to VGA adapter connects an HDMI compatible device to a monitor or projector with VGA port; A VGA cable (sold separately) is required",
            " Built-in active IC chip improves compatibility. Included Micro-USB cable provides additional power for devices with low-power output port such as MacBook Pro with Retina Display",
            " The HDMI to VGA converter supports resolutions up to 1920x1080 (1080p Full HD) including 720p and 1600x1200 for HD monitors or projectors",
            " Gold-plated connectors resist corrosion, provide rigidity, and improve the signal performance. 4\" short cable relieves strain and protects HDMI port on your device",
            " The HDMI VGA converter is compatible with desktop, laptop, Ultrabook, notebook, Intel Nuc, Macbook Pro, Raspberry Pi, Chromebook, Apple TV, Roku streaming media player, cable box, or other devices with HDMI port"
        ],
        "price": 899.0,
        "description": "None",
        "listPrice": 1199.0,
        "prime": false,
        "images": [
            "https://images-na.ssl-images-amazon.com/images/I/61UM5-JVHqL._SY355_.jpg",
            "https://images-na.ssl-images-amazon.com/images/I/61UM5-JVHqL._SX425_.jpg",
            "https://images-na.ssl-images-amazon.com/images/I/61UM5-JVHqL._SX522_.jpg",
            "https://images-na.ssl-images-amazon.com/images/I/61UM5-JVHqL._SY450_.jpg",
            "https://images-na.ssl-images-amazon.com/images/I/61UM5-JVHqL._SX679_.jpg",
            "https://images-na.ssl-images-amazon.com/images/I/61UM5-JVHqL._SX466_.jpg",
            "https://images-na.ssl-images-amazon.com/images/I/61UM5-JVHqL._SX569_.jpg"
        ],
        "attributes": [
            {
                "name": "Color:",
                "value": "Black"
            }
        ],
        "rating": 4.4
    },
    {
        "asin": "B074QKS8RK",
        "title": "Bluetooth Headphones TaoTronics Wireless Earbuds Sport Earphones 9 Hours 4.2 Magnetic Lightweight & Fast Pairing (CVC 6.0 Noise Cancelling Mic, Snug Silicon Earbuds, Magnetic Design)",
        "brand": "TaoTronics",
        "feature": [
            " Splash Proof Build: Nano coating protects the earphones when exercising and during rain",
            " Lightweight and Comfortable: Sports headphones feature an ergonomic design with highly elastic, adjustable silicon earbuds; weighs barely 0.53 oz / 15 g",
            " 9 Hour Battery Life: Charge just 2 hours for 9 hours of audio; includes an iOS battery indicator so you know the Bluetooth earbuds\u2019 remaining battery life",
            " Crisp Voice Calls: cVc 6.0 Noise Cancelling pairs with a MEMS mic to reduce vocal interference and enjoy clear and easy communication",
            " Secure Magnetic Design: Magnets prevent the headphones from sliding off when not in use, just hang around your neck"
        ],
        "price": 2599.0,
        "description": "Color:Black\n\n\nGive yourself that extra motivation when exercising with the TaoTronics Wireless Headphones Stereo Earphones. Designed as Bluetooth headphones for running, these lightweight in-ear headphones weigh only 0.53 oz / 15 g and are incredibly comfortable thanks to ergonomically shaped in-ear earbuds. With long-term use in mind, the highly elastic silicon covering can withstand wear-and-tear for those that exercise or listen to music every day. IPX6 Splash Proof Build If you hit the track or lift weights, then you\u2019re bound to build up a sweat. Thankfully, the headphones come with an inner nano-coating that protects them from moisture. It\u2019s not only sweat that it protects, but also light rain - for those that exercise no matter the weather. Secure Headphones with Built-In Magnets  When not in your ears, keep the Bluetooth earphones together with built-in magnets. Not only do the magnets offer a way to prevent the headphones from sliding off your shoulders when not in use, they also offer a sporty, yet secure way to hold them. Clear and Easy Communication  Talking on the phone can be fraught with problems including signal drops, background noise, or voice transmission errors. To combat this, the headphones feature cVc 6.0 and a MEMS microphone. With built-in cVc 6.0 noise cancellation technology, background disturbances are reduced. The MEMS microphone is an upgraded version of the traditional microphone, which enables a higher sensitivity and a greater performance so your voice transmits with ease. 9 Hour Battery Life with iOS Indicator  If you\u2019re running a marathon or planning a hike, you\u2019ll have more than enough music thanks to a generous 9 hour battery. When it eventually runs out, it can be fully recharged after only 2 hours. For those connected to an iOS device, a handy indicator will show on your device\u2019s screen so you know how much headphone battery is left.",
        "listPrice": "None",
        "prime": false,
        "images": [
            "https://images-na.ssl-images-amazon.com/images/I/51uiclcXelL._SX342_.jpg",
            "https://images-na.ssl-images-amazon.com/images/I/51uiclcXelL._SX679_.jpg",
            "https://images-na.ssl-images-amazon.com/images/I/51uiclcXelL._SX522_.jpg",
            "https://images-na.ssl-images-amazon.com/images/I/51uiclcXelL._SX425_.jpg",
            "https://images-na.ssl-images-amazon.com/images/I/51uiclcXelL._SX569_.jpg",
            "https://images-na.ssl-images-amazon.com/images/I/51uiclcXelL._SX385_.jpg",
            "https://images-na.ssl-images-amazon.com/images/I/51uiclcXelL._SX466_.jpg"
        ],
        "attributes": [
            {
                "name": "Color:",
                "value": "Black"
            }
        ],
        "rating": "None"
    },
    {
        "asin": "B014LAF4VO",
        "title": "Giro Air Attack Shield Helmet",
        "brand": "Giro",
        "feature": [
            " 8\" high",
            " 10\" wide",
            " Optical shield w/ magnetic attachment",
            " Wind tunnel aided design",
            " Removable X-Static comfort padding",
            " Featherweight webbing with Slimline buckle",
            " In-Mold polycarbonate shell with EPS liner Construction"
        ],
        "price": 3696.0,
        "description": "The Air Attack Shield combines aerodynamic efficiency with strong cooling power. The magnetically-fastened Zeiss eye shield provides wraparound eye protection with exceptional optical clarity, and it\u2019s easy to flip up or remove with a hand when appropriate. And with the enhanced airflow and exceptional fit of the Roc Loc Air system, you don\u2019t have to sacrifice comfort or cooling power to get the benefits of an aero helmet. New for 2016, we\u2019ve improved the shape of the eye shield.",
        "listPrice": "None",
        "prime": false,
        "images": [
            "https://images-na.ssl-images-amazon.com/images/I/61JngEKS0tL._UX466_.jpg",
            "https://images-na.ssl-images-amazon.com/images/I/61JngEKS0tL._UX679_.jpg",
            "https://images-na.ssl-images-amazon.com/images/I/61JngEKS0tL._UX342_.jpg",
            "https://images-na.ssl-images-amazon.com/images/I/61JngEKS0tL._UX522_.jpg",
            "https://images-na.ssl-images-amazon.com/images/I/61JngEKS0tL._UX425_.jpg",
            "https://images-na.ssl-images-amazon.com/images/I/61JngEKS0tL._UX385_.jpg",
            "https://images-na.ssl-images-amazon.com/images/I/61JngEKS0tL._UX569_.jpg"
        ],
        "attributes": [
            {
                "name": "Color:",
                "value": "Highlight Yellow/Black"
            },
            {
                "name": "Color:",
                "value": "Highlight Yellow/Black"
            }
        ],
        "rating": "None"
    },
    {
        "asin": "B01APA8D2G",
        "title": "Corsair Sabre - RGB Gaming Mouse - Lightweight Design - 10,000 DPI Optical Sensor - Forward/Back & DPI Preset Buttons",
        "brand": "Corsair",
        "feature": [
            " Light weight -- Just 100g total weight. React more quickly and play longer with less fatigue",
            " 10000 DPI optical sensor and multi-color DPI indicator - Confident, high-accuracy tracking makes every click count",
            " Four-zone 16.8 million color backlighting - Enjoy virtually infinite customization",
            " CUE software - Powerful and intuitive Corsair Utility Engine gives you performance tuning and customizationcontrol",
            " 8 programmable buttons - Fully configurable layout for personalized play",
            " High-performance Omron switches rated for 20 million clicks - custom designed for gaming, with fast response and high reliability",
            " Ergonomic design - fits comfortably in your hand and supports multiple grip styles",
            " 1,000 Hz USB refresh rate - lag-free responsiveness for fast play"
        ],
        "price": 9874.0,
        "description": "Size:10,000 DPI\n            \n          \n            \n            \n            \n                \u00a0|\u00a0\n            \n             Style:Mouse\n            \n          \n            \n            \n            \n                \u00a0|\u00a0\n            \n             Color:Black\n\n\nLight weight at just 100g, the Corsair Gaming Sabre RGB 10000 DPI gaming mouse offers easy comfort and fluid reach balanced by consistently accurate tracking, a 1,000 Hz refresh rate, eight configurable buttons, and super-responsive switches. Four-zone 16.8M color backlighting creates a beautiful, personalized look that matches your style. Customer Service / Tech support: 1-888-222-4346 opt. 1",
        "listPrice": "None",
        "prime": false,
        "images": [
            "https://images-na.ssl-images-amazon.com/images/I/412Gq4XLFQL.jpg",
            "https://images-na.ssl-images-amazon.com/images/I/412Gq4XLFQL._SY355_.jpg",
            "https://images-na.ssl-images-amazon.com/images/I/412Gq4XLFQL._SX425_.jpg",
            "https://images-na.ssl-images-amazon.com/images/I/412Gq4XLFQL._SY450_.jpg"
        ],
        "attributes": [
            {
                "name": "Color:",
                "value": "Black"
            },
            {
                "name": "Color:",
                "value": "Black"
            },
            {
                "name": "Color:",
                "value": "Black"
            }
        ],
        "rating": 4.0
    },
    {
        "asin": "B007KFAG8Y",
        "title": "SanDisk Cruzer Blade 32GB USB 2.0 Flash Drive, Frustration-Free Packaging- SDCZ50-032G-AFFP",
        "brand": "SanDisk",
        "feature": [
            " Ultra-Compact and Portable USB Flash Drive",
            " Share your photos, videos, songs and other files between computers with ease",
            " Protect your private files with included SanDisk SecureAccess software",
            " Includes added protection of secure online backup (up to 2 GB optionally available) offered by YuuWaa",
            " Ships in Certified Frustration-Free Packaging",
            " Password-protect your sensitive files",
            " Capless design",
            " Share your work files between computers with ease"
        ],
        "price": 967.0,
        "description": "Size:32 GB\n            \n          \n            \n            \n            \n                \u00a0|\u00a0\n            \n             Product Packaging:Frustration-Free Packaging\n\n\nTake your favorite files with you on the ultra-compact and portable Cruzer BladeTM USB flash drive. It's the small, swift way to save and transfer your digital content from computer to computer, or take it on-the-go. Simply pop your pictures, music and other fun files onto the sleek Cruzer Blade and start sharing with your family and friends. You can also protect files on your USB flash drive from unauthorized access with the included SanDisk SecureAccessTM software and enjoy the added protection of secure online backup (up to 2 GB optionally available) offered by YuuWaaTM . When your files matter, you can trust SanDisk.",
        "listPrice": 1798.9999999999998,
        "prime": false,
        "images": [
            "https://images-na.ssl-images-amazon.com/images/I/316VARbYkxL.jpg",
            "https://images-na.ssl-images-amazon.com/images/I/316VARbYkxL._SX450_.jpg",
            "https://images-na.ssl-images-amazon.com/images/I/316VARbYkxL._SX425_.jpg",
            "https://images-na.ssl-images-amazon.com/images/I/316VARbYkxL._SX466_.jpg",
            "https://images-na.ssl-images-amazon.com/images/I/316VARbYkxL._SX355_.jpg"
        ],
        "attributes": [
            {
                "name": "Product Packaging:",
                "value": "Frustration-Free Packaging"
            },
            {
                "name": "Product Packaging:",
                "value": "Frustration-Free Packaging"
            }
        ],
        "rating": 4.4
    },
    {
        "asin": "B06XXXZJRP",
        "title": "HUELE 5 Layers DIY Cake Bread Cutter Leveler Slicer Cutting Fixator Kitchen Accessoires Tool",
        "brand": "HUELE",
        "feature": [
            " Brand New and high quality.",
            " Perfect for layer cakes, create perfect layers.",
            " Cut the thickness of cake be evenly, thinly and easily.",
            " Package included: 1 pair of cake slicers",
            " Size(LXWXH):5cmX2cmX4cm/1.96''X0.78''X1.57''"
        ],
        "price": 419.00000000000006,
        "description": "DESCRIPTION Material:\u00a0food grade Plastic Single size:\u00a05x4.7cm Color: Pink Package List:1 pair * Cake Slicers  How to use   \u00a0 \u00a0 \u00a0 \u00a0 \u00a0 \u00a0 \u00a0Roll the dough to a thickness of about 2-3cm   \u00a0 \u00a0 \u00a0 \u00a0 \u00a0 \u00a0 \u00a0Printed biscuit mold   \u00a0 \u00a0 \u00a0 \u00a0 \u00a0 \u00a0 \u00a0Take out biscuit mo   \u00a0 \u00a0 \u00a0 \u00a0 \u00a0 \u00a0 \u00a0Put the\u00a0biscuit mold into\u00a0oven",
        "listPrice": "None",
        "prime": false,
        "images": [
            "https://images-na.ssl-images-amazon.com/images/I/21Rm0htxmzL.jpg"
        ],
        "attributes": "None",
        "rating": 3.7
    },
    {
        "asin": "B06WWN7CT2",
        "title": "Maxboost Armband [Original+] For Large Phone iPhone 8 Plus, 7 6 6S Plus, X, Galaxy S9 S8 Plus, Note 8 5 2 (Fits Otterbox Defender Lifeproof case) [Water Resistant] Universal Running Pouch Key Holder",
        "brand": "Maxboost",
        "feature": [
            " [Accommodates Most Large Phone up to 6.75-inch diagonally and recommended phone screen Size up to 5.5-inch] Maxboost Armband is made to fit larger phones including iPhone 8 plus, iPhone 7/6/6s Plus, Galaxy S9 plus, s8 plus, s7 edge, s6 edge, Note 5, LG G6 and their protective slim case. Common case brands that are compatible include Otterbox and Lifeproof. Please read the description to see complete compatibility.",
            " PREMIUM MATERIALS & Universal Sizing: Made of stretch resistant neoprene. The Maxboost Original+ Armband case for large smartphone easily bends, flexes, twists, and folds without warping. Multi-slot Adjustable Velcro iPhone Armband Will Fit Almost Any Arm Size Up To 14\".",
            " TOUCH SCREEN COMPATIBLE: Enjoy the full use of your phone through the protective screen cover on the armband with fully touch compatible, easily answer calls, manage your playlist, or activate your stopwatch without removing the phone. Our multi portholes support for most of the phone.",
            " EXTRA FEATURES: Water resistant design protects against water and sweat. Built-in key pocket; secret compartment stores your house key while exercising. Comfort-grip keeps the band firmly on your arm during workouts and running. Headphone and charger cutouts allow direct access to the phone through the armband. (Note: Compatible with solid-state home button (Cannot read finger print) & lightning headphone port)",
            " LIFETIME WARRANTY: Maxboost offers maximum protection for the life of your exercise armband."
        ],
        "price": 999.0,
        "description": "None",
        "listPrice": "None",
        "prime": false,
        "images": [
            "https://images-na.ssl-images-amazon.com/images/I/61FUbdVBqfL._SX425_.jpg",
            "https://images-na.ssl-images-amazon.com/images/I/61FUbdVBqfL._SX522_.jpg",
            "https://images-na.ssl-images-amazon.com/images/I/61FUbdVBqfL._SX679_.jpg",
            "https://images-na.ssl-images-amazon.com/images/I/61FUbdVBqfL._SX342_.jpg",
            "https://images-na.ssl-images-amazon.com/images/I/61FUbdVBqfL._SX466_.jpg",
            "https://images-na.ssl-images-amazon.com/images/I/61FUbdVBqfL._SX569_.jpg",
            "https://images-na.ssl-images-amazon.com/images/I/61FUbdVBqfL._SX385_.jpg"
        ],
        "attributes": [
            {
                "name": "Color:",
                "value": "Black"
            }
        ],
        "rating": 4.2
    },
    {
        "asin": "B01GCIZDGE",
        "title": "Mosquito Repellent Ultrasonic Keychain - LIMITED Time Deal - Best Natural Repeller & Pest Control If You Hate Using Bug Spray, Trap or Zapper - DEET Free - Kid Safe Travel Insect Repellant",
        "brand": "None",
        "feature": [],
        "price": "Currently unavailable.",
        "description": "None",
        "listPrice": "None",
        "prime": false,
        "images": [
            "https://images-na.ssl-images-amazon.com/images/I/71kWQ0-dWeL._SY450_.jpg",
            "https://images-na.ssl-images-amazon.com/images/I/71kWQ0-dWeL._SX425_.jpg",
            "https://images-na.ssl-images-amazon.com/images/I/71kWQ0-dWeL._SY355_.jpg",
            "https://images-na.ssl-images-amazon.com/images/I/71kWQ0-dWeL._SX569_.jpg",
            "https://images-na.ssl-images-amazon.com/images/I/71kWQ0-dWeL._SX466_.jpg",
            "https://images-na.ssl-images-amazon.com/images/I/71kWQ0-dWeL._SX522_.jpg",
            "https://images-na.ssl-images-amazon.com/images/I/71kWQ0-dWeL._SX679_.jpg"
        ],
        "attributes": "None",
        "rating": 2.5
    },
    {
        "asin": "B073Y78WSS",
        "title": "Qlhshop 7/8\" Motorcycle Hand Grip Bar Handlebar End For Cafe Racer Bobber Clubman Custom",
        "brand": "Qlhshop",
        "feature": [
            " Material: Rubber + Silicone.",
            " The Motorcycle Hand Grip Bar is durable, corrosion resistant",
            " The surface has anti-skid mesh, making your driving comfortable and safe",
            " Suitable for motorcycles or bikes grips with 7/8'' left handlebar and 1'' right handlebar",
            " Package Included: 2 x Handlebar Grips"
        ],
        "price": 1389.0,
        "description": "Note: - If the installation process, the glove was relatively tight, in order to add the right amount of detergent or lubricating oil, - Throttle here, if not installed in, on the door handle with a small sliced about oil, you can easily complete the installation. - During installation or feel too tight, then go knock a rubber mallet from the side, if you knock with a hammer, it is best to use under the cloth, not too much intensity, should be moderate. \u3000 Size:\u00a0 Handlebar diameter:22mm(7/8\") Left Handlebar length: 12.3cm/4.84\" Right Handlebar length: 12.6cm/4.96\" Package includes: 2x Motorcycle handlebar",
        "listPrice": 1599.0,
        "prime": false,
        "images": [
            "https://images-na.ssl-images-amazon.com/images/I/61SsBCO8OHL._SX466_.jpg",
            "https://images-na.ssl-images-amazon.com/images/I/61SsBCO8OHL._SY355_.jpg",
            "https://images-na.ssl-images-amazon.com/images/I/61SsBCO8OHL._SX569_.jpg",
            "https://images-na.ssl-images-amazon.com/images/I/61SsBCO8OHL._SY450_.jpg",
            "https://images-na.ssl-images-amazon.com/images/I/61SsBCO8OHL._SX425_.jpg",
            "https://images-na.ssl-images-amazon.com/images/I/61SsBCO8OHL._SX522_.jpg",
            "https://images-na.ssl-images-amazon.com/images/I/61SsBCO8OHL._SX679_.jpg"
        ],
        "attributes": "None",
        "rating": 3.6
    },
    {
        "asin": "B001VHZXOE",
        "title": "Floxite MirrorMateAdjustCompact 15xMag - Blue",
        "brand": "Floxite",
        "feature": [
            "                    Compact lighted travel makeup mirror                ",
            "                    15x magnification                ",
            "                    Includes 2 AAA batteries                ",
            "                    4\" x 1 1/4\"                "
        ],
        "price": 10418.0,
        "description": "Floxite Mirror Mate Lighted, Adjustable Compact. 15x Magnification. Adjustable Arm - Fold to Use As a Compact, Raise to Use On a Vanity. Two Super Bright Bulbs. Includes mirror, 2 AAA Batteries and instruction manual. Blue.",
        "listPrice": "None",
        "prime": false,
        "images": [
            "https://images-na.ssl-images-amazon.com/images/I/61jez%2BYc4TL._SY679_.jpg",
            "https://images-na.ssl-images-amazon.com/images/I/61jez%2BYc4TL._SY450_.jpg",
            "https://images-na.ssl-images-amazon.com/images/I/61jez%2BYc4TL._SY550_.jpg",
            "https://images-na.ssl-images-amazon.com/images/I/61jez%2BYc4TL._SY355_.jpg",
            "https://images-na.ssl-images-amazon.com/images/I/61jez%2BYc4TL._SY606_.jpg"
        ],
        "attributes": "None",
        "rating": 3.7
    },
    {
        "asin": "B01H4OBTF4",
        "title": "portable charger, power bank, I-Bollon 8000 MAH two output fast charging external battery charge for iPhone, iPad, Samsung, cell phone.(Black)",
        "brand": "I-Bollon",
        "feature": [
            " PORTABLE COMPACT EXTERNAL BATTERY - Tough Material, anti-finger and super lightweight. Only palm size, ultra-compact for your bag purse. Moreover, 4 status LEDs indicate remaining capacity. It has auto-shutoff function after 1 minute if no charging device connected.",
            " HIGH CAPACITY & COMPATIBILITY - 8000mAh high-capacity and dual-port charger can charge at least an iPhone 6 three times, a 6 Plus or Galaxy S6 two times, as well as many other smart devices.",
            " DUAL PORTS - ultra-compact 8,000mAh capacity Power bank with dual USB outputs which quickly and effectively help solve low power problem.",
            " GUARANTEE SAFTY - Supports over-charged, over-discharged, over-voltage, over-current and short circuit protection, perfectly protects your digital devices from charging accident.",
            " WARRANTY GUARANTEE - We give our customer 12 months\u2019 warranty with friendly customer service. 30 days\u2019 unconditional replacement or money back guarantee."
        ],
        "price": 699.0,
        "description": "Color:BLACK\n\n\nEnough power to go around\uff1a portable external battery.  Marooned in transit forget your OEM adapter? With the I-Bollon power bank, prolong your battery lifetime wherever you are. Holding enough power to charge most smartphones, keep your gadgets going for days and still have juice left to share.   Ultra-Slim Design for everyday use  With its portable and ultra-slim design and 8000mah battery capacity, it is the perfect companion for a day out without adding an extra weight. Intelligent 4 LED indicator design makes slim juice Smart and Easy  Strong but never slow.  In addition to capacity, the I-Bollon portable external battery sports high-speed simultaneous ports. So whether you're charging an Apple or Android device, you'll get the most out of your technology.   Specifications:   Weight: 7.5 oz  Dimension: 5.4 x 3 x 0.8 inches  Chemistry: Li-polymer Battery  Capacity : 8000mAh  Output Power : DC 5V/1A , DC 5V/2.1A (Max)  Input Power: Micro USB 5V / 1A/2A  Rechargeable: Yes  Charging Life Cycle: Over 500 times  Recharging Time: Around 8-10 hours (Via 1A Adaptor)   Package contents  * 8000mAh Power Bank x 1  * USB Charger Cable x 1  *User manual x1",
        "listPrice": "None",
        "prime": false,
        "images": [
            "https://images-na.ssl-images-amazon.com/images/I/61vPMRbjOyL._SX342_.jpg",
            "https://images-na.ssl-images-amazon.com/images/I/61vPMRbjOyL._SX466_.jpg",
            "https://images-na.ssl-images-amazon.com/images/I/61vPMRbjOyL._SX679_.jpg",
            "https://images-na.ssl-images-amazon.com/images/I/61vPMRbjOyL._SX522_.jpg",
            "https://images-na.ssl-images-amazon.com/images/I/61vPMRbjOyL._SX425_.jpg",
            "https://images-na.ssl-images-amazon.com/images/I/61vPMRbjOyL._SX385_.jpg",
            "https://images-na.ssl-images-amazon.com/images/I/61vPMRbjOyL._SX569_.jpg"
        ],
        "attributes": [
            {
                "name": "Color:",
                "value": "BLACK"
            }
        ],
        "rating": 2.8
    },
    {
        "asin": "B00FM6JHOC",
        "title": "Tropic Isle Living Jamaican Black Castor Oil 4oz (Pack of 2)",
        "brand": "Tropic Isle Living",
        "feature": [
            "                    Tropic Isle Living Jamaican Black Castor Oil 4oz                ",
            "                    Promotes Hair Growth                ",
            "                    Promotes Health Hair                "
        ],
        "price": 2097.0,
        "description": "Jamaican Black Castor Oil has an age old reputation as an all purpose healing oil. It's commonly used for hair and scalp problems, skin conditions, aches and pain, laxative, breast massage, fibroid, first aid, for cuts and wounds, burns and much more.",
        "listPrice": "None",
        "prime": false,
        "images": [
            "https://images-na.ssl-images-amazon.com/images/I/61huo13C-VL._SY450_.jpg",
            "https://images-na.ssl-images-amazon.com/images/I/61huo13C-VL._SX466_.jpg",
            "https://images-na.ssl-images-amazon.com/images/I/61huo13C-VL._SX425_.jpg",
            "https://images-na.ssl-images-amazon.com/images/I/61huo13C-VL._SX522_.jpg",
            "https://images-na.ssl-images-amazon.com/images/I/61huo13C-VL._SY355_.jpg"
        ],
        "attributes": "None",
        "rating": 4.3
    },
    {
        "asin": "B01GA0JCCU",
        "title": "Lazada Cartoon Stuffed Animal Baby Soft Plush Hand Rattle Toys Infant Dolls 2 PCS Random",
        "brand": "Lazada",
        "feature": [
            " Lazada Cartoon Stuffed Animal Baby Soft Plush Hand Rattle Toys Infant Dolls 2 PCS Random"
        ],
        "price": 899.0,
        "description": "Color:2pcs\n\n\nMade of high quality environmentally friendly plush fabric+ pp cotton filler.;Package included 2 pcs random styles rattle sticker toys.;Training your baby's finger grip ability and empowerment the power of wrist;Specially designed for baby and easy to grasp.Funny and attractive for parent-children games.;Best gifts for your baby birthday gifts.More suit for 6 mouth up to 2 years old baby",
        "listPrice": "None",
        "prime": false,
        "images": [
            "https://images-na.ssl-images-amazon.com/images/I/61%2BPBd-3KtL._SX466_.jpg",
            "https://images-na.ssl-images-amazon.com/images/I/61%2BPBd-3KtL._SX569_.jpg",
            "https://images-na.ssl-images-amazon.com/images/I/61%2BPBd-3KtL._SX425_.jpg",
            "https://images-na.ssl-images-amazon.com/images/I/61%2BPBd-3KtL._SX679_.jpg",
            "https://images-na.ssl-images-amazon.com/images/I/61%2BPBd-3KtL._SY355_.jpg",
            "https://images-na.ssl-images-amazon.com/images/I/61%2BPBd-3KtL._SX522_.jpg",
            "https://images-na.ssl-images-amazon.com/images/I/61%2BPBd-3KtL._SY450_.jpg"
        ],
        "attributes": [
            {
                "name": "Color:",
                "value": "2pcs"
            }
        ],
        "rating": 3.7
    },
    {
        "asin": "B071XJYB3M",
        "title": "SERMAN BRANDS RFID Blocking Slim Bifold Genuine Leather Thin Minimalist Front Pocket Wallets for Men",
        "brand": "SERMAN BRANDS",
        "feature": [
            " PATENT PENDING - 12 MONTH WARRANTY, The SERMAN BRANDS Warranty covers any factory defects as a result from the manufacturing process of the product",
            " SAFETY. PRIVACY. SECURITY - Our wallets are equipped with advanced RFID SECURE Technology, a unique metal composite, engineered specifically to block 13.56 MHz or higher RFID signals and protect the valuable information stored on RFID chips from unauthorized scans",
            " SLIM AND STYLISH - Made with the finest full grain leather, designed Quick Access ID Windows, best fits 6-8 cards plus 10 bills with no bulk, and a minimal Pull-tab design to reduce bulk - Wallet Size: 4.25\" in. x 3\" in. 0.6\" in.",
            " HOW IT WORKS- At last! A wallet that will meet your everyday needs. The SERMAN BRANDS wallet is equipped with a front pocket made for your most used card. 2 pockets on the inside, with a photo ID slot, and a premium cash slot to hold your cash. Wallet case also has smart pull-strap for quick access to your everyday cards.",
            " NO HASSLE MONEY BACK GUARANTEE - We know you'll love our wallet as much as we do, if for any reason you're not 100% SATISFIED, let us know and our customer service team will make things right: full refund or a free replacement, whichever you prefer."
        ],
        "price": 2999.0,
        "description": "None",
        "listPrice": "None",
        "prime": false,
        "images": [
            "https://images-na.ssl-images-amazon.com/images/I/91pAP-WnKXL._UX522_.jpg",
            "https://images-na.ssl-images-amazon.com/images/I/91pAP-WnKXL._UX679_.jpg",
            "https://images-na.ssl-images-amazon.com/images/I/91pAP-WnKXL._UX342_.jpg",
            "https://images-na.ssl-images-amazon.com/images/I/91pAP-WnKXL._UX569_.jpg",
            "https://images-na.ssl-images-amazon.com/images/I/91pAP-WnKXL._UX425_.jpg",
            "https://images-na.ssl-images-amazon.com/images/I/91pAP-WnKXL._UX466_.jpg",
            "https://images-na.ssl-images-amazon.com/images/I/91pAP-WnKXL._UX385_.jpg"
        ],
        "attributes": [
            {
                "name": "Color:",
                "value": "Texas Brown"
            }
        ],
        "rating": 4.6
    },
    {
        "asin": "B07425DCV2",
        "title": "ffute Mens Automatic Mechanical Skeleton Dail Analog Wrist Watches Stainless Steel Bracelet",
        "brand": "Affute",
        "feature": [
            " \u3010Affute Mechanical Watch\u3011Sold by Affute Storefront.Affute Original Watch with a Free Gift Box, It's a Best Birthday or Christmas Gifts.100% Brand New and High Quality.",
            " \u3010Imported)\u3011:Exquisite Workmanship Keep the Time Quite and Accurate.Automatic Movements Mark the Passage of Time by a Series of Gear Mechanisms, and are Worked by The Movement of Your Wrist as You Wear It. It Will Stop If the Watch Stop Moving for a Long Time, Please Turn the Crown of Watches by Hand.",
            " \u3010Material\u3011Classic Luxury Retro Design Will Give You an Extraordinary Artistic Beauty.Durable Alloy Band and Stainless Steel Case Provide You Comfortable Wearing Experience.High Quality Electroplated Case,Do Not Fade.",
            " \u3010Water resistant to 30 m (99 ft)\u3011In General ,Withstands Splashes or Brief Immersion in Water ,But Not Suitable for Swimming or Bathing.",
            " \u3010Lifetime Warranty\u3011Each AFFUTE Watch Comes with a 12-month Warranty and 90-day 100% Money Back Full Refund Guarantee If You Have Dissatisfaction, Please Email to Our After-Sale Team, We Will Refund 100% of Your Money Back, No Question Asked!"
        ],
        "price": 2099.0,
        "description": "None",
        "listPrice": "None",
        "prime": false,
        "images": [
            "https://images-na.ssl-images-amazon.com/images/I/71zaI-bYnAL._UX385_.jpg",
            "https://images-na.ssl-images-amazon.com/images/I/71zaI-bYnAL._UX425_.jpg",
            "https://images-na.ssl-images-amazon.com/images/I/71zaI-bYnAL._UX466_.jpg",
            "https://images-na.ssl-images-amazon.com/images/I/71zaI-bYnAL._UX522_.jpg",
            "https://images-na.ssl-images-amazon.com/images/I/71zaI-bYnAL._UX679_.jpg",
            "https://images-na.ssl-images-amazon.com/images/I/71zaI-bYnAL._UX342_.jpg",
            "https://images-na.ssl-images-amazon.com/images/I/71zaI-bYnAL._UX569_.jpg"
        ],
        "attributes": [
            {
                "name": "Color:",
                "value": "silver"
            }
        ],
        "rating": 3.6
    },
    {
        "asin": "B07547C1B3",
        "title": "TINYAT Shoulder Bag Cross body Messenger Bag Sling Backpack for Traveling Chest Bags",
        "brand": "TINYAT",
        "feature": [
            " Water and Scratch Resistance:To protect your important devices far away from water and damage.",
            " Small Designed but Big Capacity: Safely store or organize your mini tablet,phone, wallet, ID card, small snacks, and other personal belongings.",
            " Urban leisure bag :Special geometric design brings you more fashion sense.",
            " Breathing design\uff1aBreath material to release spare hot when with it.",
            " Fashion, multi-function and practical design, comfortable to wear."
        ],
        "price": 1599.0,
        "description": "Department: Unisex Brand: Tinyat Model: T651 Dimensions:20x8x33(cm) / 7.9x3.1x13(inches) ( Please allow a little measurement error) Colour:Gray/Black(Please allow little color difference due to different camera or light environment) Weight: 11.6 oz Material: Polyester Style: Multi-purpose sling bag Department: Unisex Brand: Tinyat  This bag surface made of anti-water material, 100% protect your things far away from water.Designed with anti-scratch and top-quality zippers for lasting. Dimensions (L*W*H): 6.3*2.6*13 inches.With a long crossbody adjustable,breathable and padded air mesh strap,provide a more comfortable carry.Small bag perfect for hiking, camping, climbing, running, cycling, walking, etc. Roomy Space,large storage capabilities: 1 main zippered compartment for better storaging your ipad,phone,wallet,umbrella, glasses, notebook, mobile power and other things,and there is decorated with a magnetic clip button. 1 front zippered pocket can easily access small items. This sling bag is a good size to carry your primary items and make them very organized.  Multi-functional versatile: With headphone cable hole ,convenient to listen music with your earphone through the line hole, and can be very easy to charge your phone when power bank in bag. It can also be worn on whichever side you are comfortable with. Great flexibility,works as chest pack, shoulder bag, crossbody backpack, travel bag, business bag, multi-purpose bag, outdoor sports bag.",
        "listPrice": "None",
        "prime": false,
        "images": [
            "https://images-na.ssl-images-amazon.com/images/I/71qdT2fHtzL._UY535_.jpg",
            "https://images-na.ssl-images-amazon.com/images/I/71qdT2fHtzL._UY695_.jpg",
            "https://images-na.ssl-images-amazon.com/images/I/71qdT2fHtzL._UY625_.jpg",
            "https://images-na.ssl-images-amazon.com/images/I/71qdT2fHtzL._UY395_.jpg",
            "https://images-na.ssl-images-amazon.com/images/I/71qdT2fHtzL._UY575_.jpg",
            "https://images-na.ssl-images-amazon.com/images/I/71qdT2fHtzL._UY675_.jpg",
            "https://images-na.ssl-images-amazon.com/images/I/71qdT2fHtzL._UY500_.jpg"
        ],
        "attributes": [
            {
                "name": "Color:",
                "value": "Deep Grey"
            }
        ],
        "rating": 5.0
    },
    {
        "asin": "B078H4NDYZ",
        "title": "OnePlus 5T Case, Ranyi [Full Body 3 in 1] [Slim & Thin Fit Tightly] [360 Degree Protection] Premium Hybrid Bumper 3 in 1 Electroplated Hard Case Cover for OnePlus 5T (2017), red/black/red",
        "brand": "Ranyi",
        "feature": [
            " Compatible with OnePlus 5T (2017).",
            " 3 in 1 Fashion design , Easy snap on/off installation, Stylish and practical.",
            " 360 Degree Full Body Protection for your phone.",
            " Shock-proof and Drop-proof, Protects your phone against any scratch, bump, finger marks, and dirt.",
            " All ports, buttons and speakers have precision cut -outs for easy access."
        ],
        "price": 899.0,
        "description": "Color:red/black/red\n\n\nRanyi [Full Body 3 in 1 Series] Case Premium Hybrid Bumper 3 in 1 Design Hard Case. Compatible with OnePlus 5T (2017).",
        "listPrice": "None",
        "prime": false,
        "images": [
            "https://images-na.ssl-images-amazon.com/images/I/61C%2BE1JcjhL._SX679_.jpg",
            "https://images-na.ssl-images-amazon.com/images/I/61C%2BE1JcjhL._SX522_.jpg",
            "https://images-na.ssl-images-amazon.com/images/I/61C%2BE1JcjhL._SX385_.jpg",
            "https://images-na.ssl-images-amazon.com/images/I/61C%2BE1JcjhL._SX569_.jpg",
            "https://images-na.ssl-images-amazon.com/images/I/61C%2BE1JcjhL._SX425_.jpg",
            "https://images-na.ssl-images-amazon.com/images/I/61C%2BE1JcjhL._SX342_.jpg",
            "https://images-na.ssl-images-amazon.com/images/I/61C%2BE1JcjhL._SX466_.jpg"
        ],
        "attributes": [
            {
                "name": "Color:",
                "value": "red/black/red"
            }
        ],
        "rating": 2.6
    },
    {
        "asin": "B003LVYFUG",
        "title": "Levi's Men's 527 Slim Bootcut Jean",
        "brand": "None",
        "feature": [
            " 100% cotton",
            " Imported",
            " Zipper closure",
            " Machine Wash",
            " Low Rise",
            " Regular fit in seat and thigh"
        ],
        "price": "$19.88 - $75.19",
        "description": "A modern take on bootcut jeans originally designed to fit over cowboy boots, the 527 Slim Bootcut Jeans have a straight fit through the hip and thigh and a slightly slimmer bootcut leg opening.\n\t\t\t\t    \t\n\t\t\t\t\t\nMore than 140 years after inventing the blue jean, one thing is clear: Levi\u2019s clothes are loved by the people who wear them - from presidents to movie stars, farmers to fashion icons, entrepreneurs to the everyman. 'Live in Levi\u2019s\u2019 asserts with confidence and pride that Levi\u2019s clothes are indeed for everybody who\u2019s not just anybody.\n\n            See all Product description",
        "listPrice": "None",
        "prime": false,
        "images": [
            "https://images-na.ssl-images-amazon.com/images/I/81E3C9I1-VL._UX466_.jpg",
            "https://images-na.ssl-images-amazon.com/images/I/81E3C9I1-VL._UX342_.jpg",
            "https://images-na.ssl-images-amazon.com/images/I/81E3C9I1-VL._UX569_.jpg",
            "https://images-na.ssl-images-amazon.com/images/I/81E3C9I1-VL._UX522_.jpg",
            "https://images-na.ssl-images-amazon.com/images/I/81E3C9I1-VL._UY500_.jpg",
            "https://images-na.ssl-images-amazon.com/images/I/81E3C9I1-VL._UY879_.jpg",
            "https://images-na.ssl-images-amazon.com/images/I/81E3C9I1-VL._UY550_.jpg"
        ],
        "attributes": [
            {
                "name": "Color:",
                "value": "Tumbled Rigid"
            }
        ],
        "rating": 4.1
    },
    {
        "asin": "B074QNRM3R",
        "title": "WWOOR Men's Analog Quartz Business Watch Roman Numeral Date Waterproof Stainless Steel Band",
        "brand": "WWOOR",
        "feature": [
            " Precise time keeping:Japanese Quartz Movement, provide precise and accurate time keeping",
            " Simple but modern design makes men more charming and sexy",
            " Water resistant 3ATM/30M water resistant(Support swim and cold Shower,BUT don't Operate watch when underwater)",
            " German high hardness glass, not easy to wear, key scratch resistant watch face, stainless steel water proof case cover and watch band make it super durable, smooth polished stainless steel band strap provide wear resistant and comfortable wearing experience",
            " Amazing gift for Father's Day,Birthday,Christmas,Valentine's Day"
        ],
        "price": 1998.9999999999998,
        "description": "WWOOR watches come from Swiss brand watches with CE Certificate.Stainless Steel Durable Waterproof Case Cover Key Scratch Resistant Watch FaceImported Japanese Quartz Movement(Original Japan AL33 Seiko Quartz Movement): provide precise and accurate time keepingCalendar Date WindowShock Resistant, suitable for both outdoor and indoor activities and sports, such as running, climbing, ectClassic Business Casual Watch Design.Material: Case Material: Alloy Band Material: Stainless Steel Mirror Surface: Hard imported wear-resistant mirror (Key Scratch Resistant) Specification: Movement: Japanese quartz movement(Original Japan AL33 Seiko Quartz Movement)Band Material: Stainless SteelCase Material: Stainless SteelW/P: 50 meters water proofCase Diameter(cm): 1.57\"(4cm)Case thickness(cm): 0.43\"(1.1cm)Band length(cm): 8.85\"(22.5cm)Band width(cm): 0.79\"(2cm)Band Adjustable: BuckleWeight: about 100gPackage Included:1 x Watch1 x Watch Box1 x Instructions Adjustment Method: Step 1: Pull the crown all the way out to set the time Step 2: Pull the crown halfway out to set the dayNOTE: Please DO NOT PULL OUT the Button Underwater. Use in extreme Hot or Cold temperature will shorter watch life.Too much water contact will shorter watch life.How to adjust the band length.step 1 :Nails into the inside of the watch button to pull up a littlestep 2:With a small tool into the square hold in the fixed card in side watch,to pull up a littlestep 3:Fixed clamp is disassembled,and canbe found a small groove in the head and wach strapstep 4:Refer to the site of the wrist,move the card groove on the head,the correspond-ing alignment watch band small groove length,fixed clamp. Remeber to corre-spond to a location,to avoid the damage caused by the metal sheet.",
        "listPrice": "None",
        "prime": false,
        "images": [
            "https://images-na.ssl-images-amazon.com/images/I/7103a%2BcjcxL._UX342_.jpg",
            "https://images-na.ssl-images-amazon.com/images/I/7103a%2BcjcxL._UY550_.jpg",
            "https://images-na.ssl-images-amazon.com/images/I/7103a%2BcjcxL._UX522_.jpg",
            "https://images-na.ssl-images-amazon.com/images/I/7103a%2BcjcxL._UY879_.jpg",
            "https://images-na.ssl-images-amazon.com/images/I/7103a%2BcjcxL._UX569_.jpg",
            "https://images-na.ssl-images-amazon.com/images/I/7103a%2BcjcxL._UY500_.jpg",
            "https://images-na.ssl-images-amazon.com/images/I/7103a%2BcjcxL._UX466_.jpg"
        ],
        "attributes": [
            {
                "name": "Color:",
                "value": "Silver"
            }
        ],
        "rating": 3.8
    },
    {
        "asin": "B01LTHKZDO",
        "title": "Dymatize ISO 100 Whey Protein Powder Isolate, Smooth Banana, 1.6 lbs",
        "brand": "Dymatize",
        "feature": [
            "                    1.6 lbs of Dymatize ISO 100 Smooth Banana Protein Powder (24 Servings)                ",
            "                    Scientifically proven, fast-digesting, hydrolyzed, 100% whey protein isolate                ",
            "                    25 grams of protein, 5.5 grams of branched-chain amino acids (BCAAs), & 2.7 grams of Leucine per serving                ",
            "                    Less than 1 gram of fat & sugar per serving                ",
            "                    Gluten & lactose free                "
        ],
        "price": 1441.0,
        "description": "Flavor:Smooth Banana\n            \n          \n            \n            \n            \n                \u00a0|\u00a0\n            \n             Size:1.6 lbs\n\n\nISO 100 is simply muscle-building fuel. Each serving contains 25 grams of protein and 5.5g of BCAAs including 2.7g of L-Leucine. Known worldwide for quality, taste and purity, ISO100 is produced to our highest quality standards. ISO100 is formulated using a cross-flow micro filtration, multi-step purification process that preserves important muscle-building protein fractions while removing excess carbohydrates, fat, lactose and cholesterol. ISO100 is made with pre-hydrolyzed protein sources to ensure fast digestion and absorption.",
        "listPrice": "None",
        "prime": false,
        "images": [
            "https://images-na.ssl-images-amazon.com/images/I/41VaeS%2BH1wL._SY450_.jpg",
            "https://images-na.ssl-images-amazon.com/images/I/41VaeS%2BH1wL._SY355_.jpg",
            "https://images-na.ssl-images-amazon.com/images/I/41VaeS%2BH1wL.jpg"
        ],
        "attributes": [],
        "rating": 4.4
    },
    {
        "asin": "B01IT8LXS2",
        "title": "Zmodo 8CH Wireless Security Camera System - 1080P HDMI NVR No Hard Drive, 4 x 720P HD Indoor/Outdoor Wireless Cameras Night Vision - WiFi Easy Installation No Video Cables Needed",
        "brand": "Zmodo",
        "feature": [
            " \u3010Easy Installation & Setup\u3011: No need to run cables all over your house to connect the NVR and cameras. Simply mount the cameras, plug in the adapters and go. Connection between the NVR and cameras is through your internet.",
            " \u3010Complete Camera Solution\u3011: Watch your home day and night in crisp 720p HD with the indoor and outdoor cameras. The indoor outdoor cameras have 81\u00b0 wide viewing angle, which enables you to see your home 24/7, rain or shine.",
            " \u3010Clip Alerts on Phones\u3011: Receive a clip alert on your Zmodo app whenever motion is detected, and customize which areas on the cameras\u2019 live view will trigger an motion alert, to prevent false alerts and get notified by alerts that really matters.",
            " \u3010Remote & Local Playback\u3011: Cameras are built with excellent quality for 24/7 HD monitoring jobs, and video feed is saved to the NVR(No hard drive included). Watch the playback either locally on your monitors, or remotely on your phones through Zmodo app.",
            " \u30103-Year Warranty\u3011: Lifetime US-Based Tech Support, 3-Year Limited Warranty, and 60-Day Money Back Guarantee. (Note: 'Wireless' refers to 'Wireless Signal Transmission'. Each camera still needs to be plugged into a nearby outlet for power.) Compare with similar items"
        ],
        "price": 24897.0,
        "description": "OverviewThe Zmodo wireless camera system is a 4 camera monitoring solution for your home or business. Setup is as simple as downloading the free Zmodo App, creating an account, and connect the cameras to your Wi-Fi. Once setup, you can remotely view from anywhere with a smartphone, iPad or PC. Enjoy peace of mind no matter where you are and be notified when something happens. .Advantages* Easy Setup - Connect the NVR and cameras within minutes using Zmodo app. * Easy Remote Access - Enjoy peace of mind via your smartphone no matter where you are. * Stay Connected - Be notified when something happens with intelligent mobile alerts.NVR Features* IP video input: 8CH 720P HD/ 4CH 1080P IPC * Video Resolution: 720P HD * Record Rate: 100fps * Record Mode: Normal Recording / Intelligent Recording / Motion Activated Recording * Playback: Fast forward / Rewind / Slow play / Digital Zoom * HDMI Output: 1 ChannelOutdoor Camera Feature* Image Sensor: 720p color sensor * Number of IR LEDs: 24 * IR distance: Night vision up to 20m * Lens: 2.8mm * Angle of View: 81 degree * Operating Temperature: 14\u00b0F~122\u00b0F * Frame Rate: 25fps * Weatherproof: Yes, IP65Package Includes* (1) 8CH Network Security NVR (No HDD Included)* (4) 720p HD Wireless Security Camera * (4) 5V/1A Power Supply for Cameras * (1) 12V/2A Power Supply for NVR * (1) Ethernet Cable * (1) Quick Guide",
        "listPrice": "None",
        "prime": false,
        "images": [
            "https://images-na.ssl-images-amazon.com/images/I/71AvQs3AWUL._SY450_.jpg",
            "https://images-na.ssl-images-amazon.com/images/I/71AvQs3AWUL._SX522_.jpg",
            "https://images-na.ssl-images-amazon.com/images/I/71AvQs3AWUL._SX679_.jpg",
            "https://images-na.ssl-images-amazon.com/images/I/71AvQs3AWUL._SX466_.jpg",
            "https://images-na.ssl-images-amazon.com/images/I/71AvQs3AWUL._SX425_.jpg",
            "https://images-na.ssl-images-amazon.com/images/I/71AvQs3AWUL._SY355_.jpg",
            "https://images-na.ssl-images-amazon.com/images/I/71AvQs3AWUL._SX569_.jpg"
        ],
        "attributes": "None",
        "rating": 3.5
    },
    {
        "asin": "B077TYWH6B",
        "title": "Wehug Men's Classic Tie Silk Woven Necktie Jacquard Neck Ties For Men",
        "brand": "Wehug",
        "feature": [
            " Imported",
            " About Length: 57\" (145CM) Width: 3.1\" (8CM) at widest",
            " Material: 100% Silk,Waterproof,HIGH QUALITY",
            " the tie is part of our best selling line of neckties",
            " Suitable for most occasions: Business, Party, Dating, ect."
        ],
        "price": 1399.0,
        "description": "Wehug Men's Classic Tie Silk Woven Necktie Jacquard Neck Ties For Men",
        "listPrice": "None",
        "prime": false,
        "images": [
            "https://images-na.ssl-images-amazon.com/images/I/81xFRalYsJL._UX385_.jpg",
            "https://images-na.ssl-images-amazon.com/images/I/81xFRalYsJL._UX569_.jpg",
            "https://images-na.ssl-images-amazon.com/images/I/81xFRalYsJL._UX679_.jpg",
            "https://images-na.ssl-images-amazon.com/images/I/81xFRalYsJL._UX425_.jpg",
            "https://images-na.ssl-images-amazon.com/images/I/81xFRalYsJL._UX466_.jpg",
            "https://images-na.ssl-images-amazon.com/images/I/81xFRalYsJL._UX522_.jpg",
            "https://images-na.ssl-images-amazon.com/images/I/81xFRalYsJL._UX342_.jpg"
        ],
        "attributes": [
            {
                "name": "Color:",
                "value": "Multi Purple"
            }
        ],
        "rating": 4.8
    },
    {
        "asin": "B01JJBUYR4",
        "title": "FiftyThree Digital Stylus Pencil for iPad, iPad Pro, and iPhone - Graphite (Certified Refurbished)",
        "brand": "Fifty Three",
        "feature": [],
        "price": 3997.9999999999995,
        "description": "None",
        "listPrice": "None",
        "prime": false,
        "images": [
            "https://images-na.ssl-images-amazon.com/images/I/61R8b9NL2FL._SX679_.jpg",
            "https://images-na.ssl-images-amazon.com/images/I/61R8b9NL2FL._SX342_.jpg",
            "https://images-na.ssl-images-amazon.com/images/I/61R8b9NL2FL._SX466_.jpg",
            "https://images-na.ssl-images-amazon.com/images/I/61R8b9NL2FL._SX425_.jpg",
            "https://images-na.ssl-images-amazon.com/images/I/61R8b9NL2FL._SX569_.jpg",
            "https://images-na.ssl-images-amazon.com/images/I/61R8b9NL2FL._SX522_.jpg",
            "https://images-na.ssl-images-amazon.com/images/I/61R8b9NL2FL._SX385_.jpg"
        ],
        "attributes": "None",
        "rating": 3.5
    },
    {
        "asin": "B00ZA9L06E",
        "title": "Weleda Calendula Diaper Rash Cream, 2.8-ounce (2 Pack)",
        "brand": "Weleda",
        "feature": [
            "                    Certified-natural and dermatologist-tested safe for babies.                ",
            "                    Diaper rash cream relieves and protects.                ",
            "                    Creme contre i'erytheme fessier soulage et protege.                "
        ],
        "price": 1788.0,
        "description": "Size:2 count\n\n\nOur best-selling Weleda Calendula Diaper Rash Cream provides fast yet gentle relief and treatment of diaper rash. Rich and creamy, it's a natural, soothing barrier cream formulated with non-nano, pharmaceutical-grade zinc oxide to take nurturing care of irritation and rashes and protect your baby's skin.",
        "listPrice": "None",
        "prime": false,
        "images": [
            "https://images-na.ssl-images-amazon.com/images/I/41-5ya158RL._SY450SX257_SY450_CR,0,0,257,450_PIbundle-2,TopRight,0,0_SX257_SY450_CR,0,0,257,450_SH20_.jpg",
            "https://images-na.ssl-images-amazon.com/images/I/41-5ya158RL._SY355SX203_SY355_CR,0,0,203,355_PIbundle-2,TopRight,0,0_SX203_SY355_CR,0,0,203,355_SH20_.jpg",
            "https://images-na.ssl-images-amazon.com/images/I/41-5ya158RL.SX286_SY500_CR,0,0,286,500_PIbundle-2,TopRight,0,0_SX286_SY500_CR,0,0,286,500_SH20_.jpg"
        ],
        "attributes": [],
        "rating": 4.7
    },
    {
        "asin": "B00025696C",
        "title": "Seachem Flourish Iron 500ml",
        "brand": "Seachem",
        "feature": [
            " Highly concentrated",
            " Iron supplement",
            " For planted aquarium"
        ],
        "price": 940.0,
        "description": "Flourish Iron is a highly-concentrated (10,000 mg/L) ferrous iron (Fe+2) gluconate supplement. It should be used in those cases where the iron requirements exceed that which can be delivered by Flourish at the recommended dose or signs of iron deficiency appear (such as short and slender stems or yellowing between veins.) Contains no phosphate or nitrate.",
        "listPrice": "None",
        "prime": false,
        "images": [
            "https://images-na.ssl-images-amazon.com/images/I/41RwR80gysL._SX425_.jpg",
            "https://images-na.ssl-images-amazon.com/images/I/41RwR80gysL._SX466_.jpg",
            "https://images-na.ssl-images-amazon.com/images/I/41RwR80gysL.jpg",
            "https://images-na.ssl-images-amazon.com/images/I/41RwR80gysL._SY450_.jpg",
            "https://images-na.ssl-images-amazon.com/images/I/41RwR80gysL._SY355_.jpg"
        ],
        "attributes": "None",
        "rating": 4.6
    },
    {
        "asin": "B01LZTIPNF",
        "title": "Case Air Wireless Tethering System",
        "brand": "Tether Tools",
        "feature": [
            " Wireless control of camera settings and shutter release to take photos.",
            " Use Live View to view shots on your phone, tablet, and computer.",
            " Review and download photos and videos to your device.",
            " Works with Canon and Nikon DSLRs",
            " Works with iOS, Android, Windows and Mac"
        ],
        "price": 10999.0,
        "description": "None",
        "listPrice": "None",
        "prime": false,
        "images": [
            "https://images-na.ssl-images-amazon.com/images/I/71SWpvIjR0L._SX522_.jpg",
            "https://images-na.ssl-images-amazon.com/images/I/71SWpvIjR0L._SX425_.jpg",
            "https://images-na.ssl-images-amazon.com/images/I/71SWpvIjR0L._SX569_.jpg",
            "https://images-na.ssl-images-amazon.com/images/I/71SWpvIjR0L._SX466_.jpg",
            "https://images-na.ssl-images-amazon.com/images/I/71SWpvIjR0L._SX355_.jpg",
            "https://images-na.ssl-images-amazon.com/images/I/71SWpvIjR0L._SX450_.jpg",
            "https://images-na.ssl-images-amazon.com/images/I/71SWpvIjR0L._SX679_.jpg"
        ],
        "attributes": "None",
        "rating": 3.0
    },
    {
        "asin": "B077JNRFN2",
        "title": "Leboo 4 in 1 PCI-E Riser Adapter Board USB3.0 PCI-E Rabbet GPU Riser Extender Ethereum Mining ETH / BTC Bitcoin Miner Mining(4 in 1)",
        "brand": "Leboo",
        "feature": [
            " *4 Slots brings great extendability.",
            " *Plugs directly to the board without any extender cable, can be fixed to the case",
            " *PCI-E slot power solution, no extra power cable needed. It does not provide any electricity so absolutely won't burning the motherboard.",
            " *Only one cable to the slot, easy and convenient to settle and install",
            " *With IC heat radiator"
        ],
        "price": 2899.0,
        "description": "Product description Brand:Leboo PCIE 1 to 4 PCI-E 16X Riser Card Please note:1.Please do not reverse the 4 in 1 Adapter port to your motherboard 2.We have tested through Asus Z270 motherboard and NVidia 1070 with high compatibility, please operated with same or suprior motherboard when you working it 3.If there is any problem, please feel free to contact us ,we will provide best after-sales service Bus Port: PCI-E  1-slot PCI-E 1X to 4 slot 16X riser card with high speed USB 3.0 cable.High speed USB 3.0 shield cable is flexible for 1U, 2U, 3U chassis. Support 4 port high speed PCI-E 16X card. Port Quantity: 4 X PCI-E USB  Operating System Compatibility: Windows 10/8/8.1/7/Vista/XP 32/64-bit, Server 2003-2008 32/64-bit, Linux.   Package included 1 x 1 to 4 PCI-E Adapter Card 1 x Package Box",
        "listPrice": "None",
        "prime": false,
        "images": [
            "https://images-na.ssl-images-amazon.com/images/I/61N4ZTwXfOL._SX425_.jpg",
            "https://images-na.ssl-images-amazon.com/images/I/61N4ZTwXfOL._SX466_.jpg",
            "https://images-na.ssl-images-amazon.com/images/I/61N4ZTwXfOL._SY355_.jpg",
            "https://images-na.ssl-images-amazon.com/images/I/61N4ZTwXfOL._SX569_.jpg",
            "https://images-na.ssl-images-amazon.com/images/I/61N4ZTwXfOL._SY450_.jpg",
            "https://images-na.ssl-images-amazon.com/images/I/61N4ZTwXfOL._SX679_.jpg",
            "https://images-na.ssl-images-amazon.com/images/I/61N4ZTwXfOL._SX522_.jpg"
        ],
        "attributes": "None",
        "rating": 3.3
    },
    {
        "asin": "B0086WD0OM",
        "title": "Pond's Clarant B3 Anti-Dark Spot Correcting Cream Normal To Oily Skin 7oz",
        "brand": "Pond's",
        "feature": [
            "                    Ideal for normal to oily skin                ",
            "                    Dermatologist tested                ",
            "                    Hypoallergenic                ",
            "                    Won't clog pores                "
        ],
        "price": 1941.0,
        "description": "Keep Those Spots at Bay Ponds Clarant B3 Moisturizer, with its rich and creamy formula, helps tone your skin and keep dark spots away. This cream also reduces and prevents age spots and blotching to give you radiant-looking skin.Doesn't clog poresEnriched with Vitamin B and CDermatologist-testedPonds Clarant B3 Moisturizer contains Vitamin C with its antioxidants that help renew your skin by reducing wrinkles. Vitamin B3 fights discoloration and uneven skin tone.Just For You: Normal to oily skin A Closer Look: This cream is tested by dermatologists and is hypoallergenic. It prevents clogged pores and leaves a lovely glow on your face.You Won't Find: Harmful chemicals Get Started: Apply daily on cleansed face and neck alone or under makeup as a base in the morning. Use it after cleansing at night for noticeable results.",
        "listPrice": "None",
        "prime": false,
        "images": [
            "https://images-na.ssl-images-amazon.com/images/I/610ZXTefsGL._SX466_.jpg",
            "https://images-na.ssl-images-amazon.com/images/I/610ZXTefsGL._SY450_.jpg",
            "https://images-na.ssl-images-amazon.com/images/I/610ZXTefsGL._SY355_.jpg",
            "https://images-na.ssl-images-amazon.com/images/I/610ZXTefsGL._SX522_.jpg",
            "https://images-na.ssl-images-amazon.com/images/I/610ZXTefsGL._SX425_.jpg"
        ],
        "attributes": "None",
        "rating": 3.6
    }
]